==37362== Memcheck, a memory error detector
==37362== Copyright (C) 2002-2017, and GNU GPL'd, by Julian Seward et al.
==37362== Using Valgrind-3.15.0 and LibVEX; rerun with -h for copyright info
==37362== Command: ./XMLParser ../J3KKTM2501R-Alignment.xml
==37362== Parent PID: 36707
==37362== 
==37362== 
==37362== Process terminating with default action of signal 2 (SIGINT)
==37362==    at 0x4B24FD2: read (read.c:26)
==37362==    by 0x4AA7B9E: _IO_file_underflow@@GLIBC_2.2.5 (fileops.c:517)
==37362==    by 0x4AA8F85: _IO_default_uflow (genops.c:362)
==37362==    by 0x4A7B27F: __vfscanf_internal (vfscanf-internal.c:627)
==37362==    by 0x4A7A161: __isoc99_scanf (isoc99_scanf.c:30)
==37362==    by 0x109BF9: main (in /home/ihsane/Documents/Bioinfo/blast-project/XMLParse/version1/XMLParser)
==37362== 
==37362== HEAP SUMMARY:
==37362==     in use at exit: 52,768,021 bytes in 419,441 blocks
==37362==   total heap usage: 424,769 allocs, 5,328 frees, 53,826,387 bytes allocated
==37362== 
==37362== LEAK SUMMARY:
==37362==    definitely lost: 0 bytes in 0 blocks
==37362==    indirectly lost: 0 bytes in 0 blocks
==37362==      possibly lost: 0 bytes in 0 blocks
==37362==    still reachable: 52,768,021 bytes in 419,441 blocks
==37362==         suppressed: 0 bytes in 0 blocks
==37362== Rerun with --leak-check=full to see details of leaked memory
==37362== 
==37362== For lists of detected and suppressed errors, rerun with: -s
==37362== ERROR SUMMARY: 0 errors from 0 contexts (suppressed: 0 from 0)
