==9289== Memcheck, a memory error detector
==9289== Copyright (C) 2002-2017, and GNU GPL'd, by Julian Seward et al.
==9289== Using Valgrind-3.15.0 and LibVEX; rerun with -h for copyright info
==9289== Command: ./ballast -p MYCO.blastp -o test
==9289== Parent PID: 2070
==9289== 
==9289== Source and destination overlap in strcpy(0x1ffefff9f0, 0x1ffefff9f1)
==9289==    at 0x483F150: strcpy (in /usr/lib/x86_64-linux-gnu/valgrind/vgpreload_memcheck-amd64-linux.so)
==9289==    by 0x10C54A: profilBuilding (profilBuilding.c:79)
==9289==    by 0x10988B: main (ballast.c:147)
==9289== 
==9289== Source and destination overlap in strcpy(0x1ffefff9f0, 0x1ffefff9fc)
==9289==    at 0x483F150: strcpy (in /usr/lib/x86_64-linux-gnu/valgrind/vgpreload_memcheck-amd64-linux.so)
==9289==    by 0x10CD3F: profilBuilding (profilBuilding.c:229)
==9289==    by 0x10988B: main (ballast.c:147)
==9289== 
==9289== Invalid write of size 1
==9289==    at 0x483EC5E: strcat (in /usr/lib/x86_64-linux-gnu/valgrind/vgpreload_memcheck-amd64-linux.so)
==9289==    by 0x10CE81: profilBuilding (profilBuilding.c:263)
==9289==    by 0x10988B: main (ballast.c:147)
==9289==  Address 0x4a56712 is 0 bytes after a block of size 146 alloc'd
==9289==    at 0x483DFAF: realloc (in /usr/lib/x86_64-linux-gnu/valgrind/vgpreload_memcheck-amd64-linux.so)
==9289==    by 0x10CE67: profilBuilding (profilBuilding.c:260)
==9289==    by 0x10988B: main (ballast.c:147)
==9289== 
==9289== Invalid read of size 1
==9289==    at 0x483EFB4: __strlen_sse2 (in /usr/lib/x86_64-linux-gnu/valgrind/vgpreload_memcheck-amd64-linux.so)
==9289==    by 0x48D5D14: __vfprintf_internal (vfprintf-internal.c:1688)
==9289==    by 0x48BED3E: printf (printf.c:33)
==9289==    by 0x10CE99: profilBuilding (profilBuilding.c:264)
==9289==    by 0x10988B: main (ballast.c:147)
==9289==  Address 0x4a56712 is 0 bytes after a block of size 146 alloc'd
==9289==    at 0x483DFAF: realloc (in /usr/lib/x86_64-linux-gnu/valgrind/vgpreload_memcheck-amd64-linux.so)
==9289==    by 0x10CE67: profilBuilding (profilBuilding.c:260)
==9289==    by 0x10988B: main (ballast.c:147)
==9289== 
==9289== Invalid read of size 1
==9289==    at 0x483EFB4: __strlen_sse2 (in /usr/lib/x86_64-linux-gnu/valgrind/vgpreload_memcheck-amd64-linux.so)
==9289==    by 0x10CE54: profilBuilding (profilBuilding.c:260)
==9289==    by 0x10988B: main (ballast.c:147)
==9289==  Address 0x4a56712 is 0 bytes after a block of size 146 alloc'd
==9289==    at 0x483DFAF: realloc (in /usr/lib/x86_64-linux-gnu/valgrind/vgpreload_memcheck-amd64-linux.so)
==9289==    by 0x10CE67: profilBuilding (profilBuilding.c:260)
==9289==    by 0x10988B: main (ballast.c:147)
==9289== 
==9289== Conditional jump or move depends on uninitialised value(s)
==9289==    at 0x483EC37: strcat (in /usr/lib/x86_64-linux-gnu/valgrind/vgpreload_memcheck-amd64-linux.so)
==9289==    by 0x10CE81: profilBuilding (profilBuilding.c:263)
==9289==    by 0x10988B: main (ballast.c:147)
==9289== 
==9289== Invalid read of size 1
==9289==    at 0x483EFB4: __strlen_sse2 (in /usr/lib/x86_64-linux-gnu/valgrind/vgpreload_memcheck-amd64-linux.so)
==9289==    by 0x48D5D14: __vfprintf_internal (vfprintf-internal.c:1688)
==9289==    by 0x48BED3E: printf (printf.c:33)
==9289==    by 0x10D11A: profilBuilding (profilBuilding.c:320)
==9289==    by 0x10988B: main (ballast.c:147)
==9289==  Address 0x4a58492 is 0 bytes after a block of size 626 alloc'd
==9289==    at 0x483DFAF: realloc (in /usr/lib/x86_64-linux-gnu/valgrind/vgpreload_memcheck-amd64-linux.so)
==9289==    by 0x10CE67: profilBuilding (profilBuilding.c:260)
==9289==    by 0x10988B: main (ballast.c:147)
==9289== 
==9289== 
==9289== HEAP SUMMARY:
==9289==     in use at exit: 10,743 bytes in 20 blocks
==9289==   total heap usage: 53 allocs, 33 frees, 22,598 bytes allocated
==9289== 
==9289== LEAK SUMMARY:
==9289==    definitely lost: 10,276 bytes in 12 blocks
==9289==    indirectly lost: 387 bytes in 6 blocks
==9289==      possibly lost: 0 bytes in 0 blocks
==9289==    still reachable: 80 bytes in 2 blocks
==9289==         suppressed: 0 bytes in 0 blocks
==9289== Rerun with --leak-check=full to see details of leaked memory
==9289== 
==9289== Use --track-origins=yes to see where uninitialised values come from
==9289== For lists of detected and suppressed errors, rerun with: -s
==9289== ERROR SUMMARY: 41 errors from 7 contexts (suppressed: 0 from 0)
