==5848== Memcheck, a memory error detector
==5848== Copyright (C) 2002-2017, and GNU GPL'd, by Julian Seward et al.
==5848== Using Valgrind-3.15.0 and LibVEX; rerun with -h for copyright info
==5848== Command: ./a.out
==5848== Parent PID: 1712
==5848== 
==5848== 
==5848== Process terminating with default action of signal 2 (SIGINT)
==5848==    at 0x496B077: write (write.c:26)
==5848==    by 0x48EBE8C: _IO_file_write@@GLIBC_2.2.5 (fileops.c:1181)
==5848==    by 0x48ED950: new_do_write (fileops.c:449)
==5848==    by 0x48ED950: _IO_new_do_write (fileops.c:426)
==5848==    by 0x48ED950: _IO_do_write@@GLIBC_2.2.5 (fileops.c:423)
==5848==    by 0x48EC6B4: _IO_new_file_xsputn (fileops.c:1244)
==5848==    by 0x48EC6B4: _IO_file_xsputn@@GLIBC_2.2.5 (fileops.c:1197)
==5848==    by 0x48D3971: __vfprintf_internal (vfprintf-internal.c:1373)
==5848==    by 0x48BED3E: printf (printf.c:33)
==5848==    by 0x10988C: main (hashMap.c:171)
==5848== 
==5848== HEAP SUMMARY:
==5848==     in use at exit: 24,687,271 bytes in 60,735 blocks
==5848==   total heap usage: 60,737 allocs, 2 frees, 24,692,391 bytes allocated
==5848== 
==5848== LEAK SUMMARY:
==5848==    definitely lost: 300,736 bytes in 18,796 blocks
==5848==    indirectly lost: 4,649,168 bytes in 37,592 blocks
==5848==      possibly lost: 0 bytes in 0 blocks
==5848==    still reachable: 19,737,367 bytes in 4,347 blocks
==5848==         suppressed: 0 bytes in 0 blocks
==5848== Rerun with --leak-check=full to see details of leaked memory
==5848== 
==5848== For lists of detected and suppressed errors, rerun with: -s
==5848== ERROR SUMMARY: 0 errors from 0 contexts (suppressed: 0 from 0)
