==1226== Memcheck, a memory error detector
==1226== Copyright (C) 2002-2017, and GNU GPL'd, by Julian Seward et al.
==1226== Using Valgrind-3.16.1 and LibVEX; rerun with -h for copyright info
==1226== Command: ./parsing -m gold -o output1.json 1G8H3Y9301N-Alignment.xml
==1226== Parent PID: 630
==1226== 
==1226== Conditional jump or move depends on uninitialised value(s)
==1226==    at 0x483BC98: strlen (vg_replace_strmem.c:459)
==1226==    by 0x10CBA3: blast_reference (XMLtoBLASTP.c:130)
==1226==    by 0x10C674: getInfoBlast (XMLtoBLASTP.c:17)
==1226==    by 0x10ADD9: blastOutPut_iteration (retrieveInfo.c:30)
==1226==    by 0x1097C0: main (parsing.c:75)
==1226== 
==1226== Invalid write of size 4
==1226==    at 0x10CBAE: blast_reference (XMLtoBLASTP.c:130)
==1226==    by 0x10C674: getInfoBlast (XMLtoBLASTP.c:17)
==1226==    by 0x10ADD9: blastOutPut_iteration (retrieveInfo.c:30)
==1226==    by 0x1097C0: main (parsing.c:75)
==1226==  Address 0x10df4483 is 259 bytes inside a block of size 260 alloc'd
==1226==    at 0x483877F: malloc (vg_replace_malloc.c:307)
==1226==    by 0x10CB2B: blast_reference (XMLtoBLASTP.c:111)
==1226==    by 0x10C674: getInfoBlast (XMLtoBLASTP.c:17)
==1226==    by 0x10ADD9: blastOutPut_iteration (retrieveInfo.c:30)
==1226==    by 0x1097C0: main (parsing.c:75)
==1226== 
==1226== Invalid write of size 1
==1226==    at 0x10CBB4: blast_reference (XMLtoBLASTP.c:130)
==1226==    by 0x10C674: getInfoBlast (XMLtoBLASTP.c:17)
==1226==    by 0x10ADD9: blastOutPut_iteration (retrieveInfo.c:30)
==1226==    by 0x1097C0: main (parsing.c:75)
==1226==  Address 0x10df4487 is 3 bytes after a block of size 260 alloc'd
==1226==    at 0x483877F: malloc (vg_replace_malloc.c:307)
==1226==    by 0x10CB2B: blast_reference (XMLtoBLASTP.c:111)
==1226==    by 0x10C674: getInfoBlast (XMLtoBLASTP.c:17)
==1226==    by 0x10ADD9: blastOutPut_iteration (retrieveInfo.c:30)
==1226==    by 0x1097C0: main (parsing.c:75)
==1226== 
==1226== Invalid read of size 1
==1226==    at 0x483B992: strcat (vg_replace_strmem.c:308)
==1226==    by 0x10CBCD: blast_reference (XMLtoBLASTP.c:131)
==1226==    by 0x10C674: getInfoBlast (XMLtoBLASTP.c:17)
==1226==    by 0x10ADD9: blastOutPut_iteration (retrieveInfo.c:30)
==1226==    by 0x1097C0: main (parsing.c:75)
==1226==  Address 0x10df4484 is 0 bytes after a block of size 260 alloc'd
==1226==    at 0x483877F: malloc (vg_replace_malloc.c:307)
==1226==    by 0x10CB2B: blast_reference (XMLtoBLASTP.c:111)
==1226==    by 0x10C674: getInfoBlast (XMLtoBLASTP.c:17)
==1226==    by 0x10ADD9: blastOutPut_iteration (retrieveInfo.c:30)
==1226==    by 0x1097C0: main (parsing.c:75)
==1226== 
==1226== Invalid write of size 1
==1226==    at 0x483BDE4: strcpy (vg_replace_strmem.c:511)
==1226==    by 0x10C6FC: getInfoBlast (XMLtoBLASTP.c:23)
==1226==    by 0x10ADD9: blastOutPut_iteration (retrieveInfo.c:30)
==1226==    by 0x1097C0: main (parsing.c:75)
==1226==  Address 0x10df1e31 is 0 bytes after a block of size 1 alloc'd
==1226==    at 0x483877F: malloc (vg_replace_malloc.c:307)
==1226==    by 0x10ADC2: blastOutPut_iteration (retrieveInfo.c:28)
==1226==    by 0x1097C0: main (parsing.c:75)
==1226== 
==1226== Invalid write of size 1
==1226==    at 0x483BDF6: strcpy (vg_replace_strmem.c:511)
==1226==    by 0x10C6FC: getInfoBlast (XMLtoBLASTP.c:23)
==1226==    by 0x10ADD9: blastOutPut_iteration (retrieveInfo.c:30)
==1226==    by 0x1097C0: main (parsing.c:75)
==1226==  Address 0x10df1e32 is 1 bytes after a block of size 1 alloc'd
==1226==    at 0x483877F: malloc (vg_replace_malloc.c:307)
==1226==    by 0x10ADC2: blastOutPut_iteration (retrieveInfo.c:28)
==1226==    by 0x1097C0: main (parsing.c:75)
==1226== 
==1226== Conditional jump or move depends on uninitialised value(s)
==1226==    at 0x483BC85: strlen (vg_replace_strmem.c:459)
==1226==    by 0x4A88F2E: strdup (strdup.c:41)
==1226==    by 0x10C4A6: fillStructure (fillStructure.c:69)
==1226==    by 0x10AE39: blastOutPut_iteration (retrieveInfo.c:41)
==1226==    by 0x1097C0: main (parsing.c:75)
==1226== 
==1226== Conditional jump or move depends on uninitialised value(s)
==1226==    at 0x483BC85: strlen (vg_replace_strmem.c:459)
==1226==    by 0x4A88F2E: strdup (strdup.c:41)
==1226==    by 0x10A6BE: getRank (blastInfo.c:169)
==1226==    by 0x10C4C9: fillStructure (fillStructure.c:70)
==1226==    by 0x10AE39: blastOutPut_iteration (retrieveInfo.c:41)
==1226==    by 0x1097C0: main (parsing.c:75)
==1226== 
==1226== Conditional jump or move depends on uninitialised value(s)
==1226==    at 0x483BC85: strlen (vg_replace_strmem.c:459)
==1226==    by 0x4A88F2E: strdup (strdup.c:41)
==1226==    by 0x10C4F0: fillStructure (fillStructure.c:71)
==1226==    by 0x10AE39: blastOutPut_iteration (retrieveInfo.c:41)
==1226==    by 0x1097C0: main (parsing.c:75)
==1226== 
==1226== Use of uninitialised value of size 8
==1226==    at 0x4A3B527: ____strtol_l_internal (strtol_l.c:292)
==1226==    by 0x4A37FAF: atoi (atoi.c:27)
==1226==    by 0x10C517: fillStructure (fillStructure.c:72)
==1226==    by 0x10AE39: blastOutPut_iteration (retrieveInfo.c:41)
==1226==    by 0x1097C0: main (parsing.c:75)
==1226== 
==1226== Conditional jump or move depends on uninitialised value(s)
==1226==    at 0x4A3B545: ____strtol_l_internal (strtol_l.c:294)
==1226==    by 0x4A37FAF: atoi (atoi.c:27)
==1226==    by 0x10C517: fillStructure (fillStructure.c:72)
==1226==    by 0x10AE39: blastOutPut_iteration (retrieveInfo.c:41)
==1226==    by 0x1097C0: main (parsing.c:75)
==1226== 
==1226== Conditional jump or move depends on uninitialised value(s)
==1226==    at 0x10E267: hash (hashmap.c:11)
==1226==    by 0x10E2A6: insert (hashmap.c:21)
==1226==    by 0x10E3EB: createHashMap (hashmap.c:58)
==1226==    by 0x10AE5A: blastOutPut_iteration (retrieveInfo.c:44)
==1226==    by 0x1097C0: main (parsing.c:75)
==1226== 
==1226== Conditional jump or move depends on uninitialised value(s)
==1226==    at 0x10E2F2: insert (hashmap.c:25)
==1226==    by 0x10E3EB: createHashMap (hashmap.c:58)
==1226==    by 0x10AE5A: blastOutPut_iteration (retrieveInfo.c:44)
==1226==    by 0x1097C0: main (parsing.c:75)
==1226== 
==1226== Conditional jump or move depends on uninitialised value(s)
==1226==    at 0x483BC85: strlen (vg_replace_strmem.c:459)
==1226==    by 0x4A88F2E: strdup (strdup.c:41)
==1226==    by 0x10E30D: insert (hashmap.c:37)
==1226==    by 0x10E3EB: createHashMap (hashmap.c:58)
==1226==    by 0x10AE5A: blastOutPut_iteration (retrieveInfo.c:44)
==1226==    by 0x1097C0: main (parsing.c:75)
==1226== 
==1226== Conditional jump or move depends on uninitialised value(s)
==1226==    at 0x483CB98: strcmp (vg_replace_strmem.c:847)
==1226==    by 0x10E2D0: insert (hashmap.c:27)
==1226==    by 0x10E3EB: createHashMap (hashmap.c:58)
==1226==    by 0x10AE5A: blastOutPut_iteration (retrieveInfo.c:44)
==1226==    by 0x1097C0: main (parsing.c:75)
==1226== 
==1226== Conditional jump or move depends on uninitialised value(s)
==1226==    at 0x483CBBB: strcmp (vg_replace_strmem.c:847)
==1226==    by 0x10E2D0: insert (hashmap.c:27)
==1226==    by 0x10E3EB: createHashMap (hashmap.c:58)
==1226==    by 0x10AE5A: blastOutPut_iteration (retrieveInfo.c:44)
==1226==    by 0x1097C0: main (parsing.c:75)
==1226== 
==1226== Conditional jump or move depends on uninitialised value(s)
==1226==    at 0x10E2D3: insert (hashmap.c:27)
==1226==    by 0x10E3EB: createHashMap (hashmap.c:58)
==1226==    by 0x10AE5A: blastOutPut_iteration (retrieveInfo.c:44)
==1226==    by 0x1097C0: main (parsing.c:75)
==1226== 
==1226== Invalid write of size 8
==1226==    at 0x10C845: convertToBlastP (XMLtoBLASTP.c:49)
==1226==    by 0x10AEA7: blastOutPut_iteration (retrieveInfo.c:48)
==1226==    by 0x1097C0: main (parsing.c:75)
==1226==  Address 0x10e34ed9 is 9 bytes inside a block of size 10 alloc'd
==1226==    at 0x483877F: malloc (vg_replace_malloc.c:307)
==1226==    by 0x10C7C1: convertToBlastP (XMLtoBLASTP.c:43)
==1226==    by 0x10AEA7: blastOutPut_iteration (retrieveInfo.c:48)
==1226==    by 0x1097C0: main (parsing.c:75)
==1226== 
==1226== Invalid read of size 1
==1226==    at 0x483BC94: strlen (vg_replace_strmem.c:459)
==1226==    by 0x4A66F75: __vfprintf_internal (vfprintf-internal.c:1688)
==1226==    by 0x4A51D9A: printf (printf.c:33)
==1226==    by 0x10C85F: convertToBlastP (XMLtoBLASTP.c:50)
==1226==    by 0x10AEA7: blastOutPut_iteration (retrieveInfo.c:48)
==1226==    by 0x1097C0: main (parsing.c:75)
==1226==  Address 0x10e34eda is 0 bytes after a block of size 10 alloc'd
==1226==    at 0x483877F: malloc (vg_replace_malloc.c:307)
==1226==    by 0x10C7C1: convertToBlastP (XMLtoBLASTP.c:43)
==1226==    by 0x10AEA7: blastOutPut_iteration (retrieveInfo.c:48)
==1226==    by 0x1097C0: main (parsing.c:75)
==1226== 
==1226== Invalid read of size 1
==1226==    at 0x4A7BD34: _IO_new_file_xsputn (fileops.c:1219)
==1226==    by 0x4A7BD34: _IO_file_xsputn@@GLIBC_2.2.5 (fileops.c:1197)
==1226==    by 0x4A655C2: __vfprintf_internal (vfprintf-internal.c:1688)
==1226==    by 0x4A51D9A: printf (printf.c:33)
==1226==    by 0x10C85F: convertToBlastP (XMLtoBLASTP.c:50)
==1226==    by 0x10AEA7: blastOutPut_iteration (retrieveInfo.c:48)
==1226==    by 0x1097C0: main (parsing.c:75)
==1226==  Address 0x10e34edf is 5 bytes after a block of size 10 alloc'd
==1226==    at 0x483877F: malloc (vg_replace_malloc.c:307)
==1226==    by 0x10C7C1: convertToBlastP (XMLtoBLASTP.c:43)
==1226==    by 0x10AEA7: blastOutPut_iteration (retrieveInfo.c:48)
==1226==    by 0x1097C0: main (parsing.c:75)
==1226== 
==1226== Invalid read of size 1
==1226==    at 0x48403F8: mempcpy (vg_replace_strmem.c:1536)
==1226==    by 0x4A7BC5D: _IO_new_file_xsputn (fileops.c:1236)
==1226==    by 0x4A7BC5D: _IO_file_xsputn@@GLIBC_2.2.5 (fileops.c:1197)
==1226==    by 0x4A655C2: __vfprintf_internal (vfprintf-internal.c:1688)
==1226==    by 0x4A51D9A: printf (printf.c:33)
==1226==    by 0x10C85F: convertToBlastP (XMLtoBLASTP.c:50)
==1226==    by 0x10AEA7: blastOutPut_iteration (retrieveInfo.c:48)
==1226==    by 0x1097C0: main (parsing.c:75)
==1226==  Address 0x10e34edf is 5 bytes after a block of size 10 alloc'd
==1226==    at 0x483877F: malloc (vg_replace_malloc.c:307)
==1226==    by 0x10C7C1: convertToBlastP (XMLtoBLASTP.c:43)
==1226==    by 0x10AEA7: blastOutPut_iteration (retrieveInfo.c:48)
==1226==    by 0x1097C0: main (parsing.c:75)
==1226== 
==1226== Invalid read of size 1
==1226==    at 0x484040A: mempcpy (vg_replace_strmem.c:1536)
==1226==    by 0x4A7BC5D: _IO_new_file_xsputn (fileops.c:1236)
==1226==    by 0x4A7BC5D: _IO_file_xsputn@@GLIBC_2.2.5 (fileops.c:1197)
==1226==    by 0x4A655C2: __vfprintf_internal (vfprintf-internal.c:1688)
==1226==    by 0x4A51D9A: printf (printf.c:33)
==1226==    by 0x10C85F: convertToBlastP (XMLtoBLASTP.c:50)
==1226==    by 0x10AEA7: blastOutPut_iteration (retrieveInfo.c:48)
==1226==    by 0x1097C0: main (parsing.c:75)
==1226==  Address 0x10e34edd is 3 bytes after a block of size 10 alloc'd
==1226==    at 0x483877F: malloc (vg_replace_malloc.c:307)
==1226==    by 0x10C7C1: convertToBlastP (XMLtoBLASTP.c:43)
==1226==    by 0x10AEA7: blastOutPut_iteration (retrieveInfo.c:48)
==1226==    by 0x1097C0: main (parsing.c:75)
==1226== 
==1226== Syscall param openat(filename) points to unaddressable byte(s)
==1226==    at 0x4AEA4E7: open (open64.c:48)
==1226==    by 0x4A7C0D1: _IO_file_open (fileops.c:189)
==1226==    by 0x4A7C2A9: _IO_file_fopen@@GLIBC_2.2.5 (fileops.c:281)
==1226==    by 0x4A6FC08: __fopen_internal (iofopen.c:75)
==1226==    by 0x10C88B: convertToBlastP (XMLtoBLASTP.c:54)
==1226==    by 0x10AEA7: blastOutPut_iteration (retrieveInfo.c:48)
==1226==    by 0x1097C0: main (parsing.c:75)
==1226==  Address 0x10e34eda is 0 bytes after a block of size 10 alloc'd
==1226==    at 0x483877F: malloc (vg_replace_malloc.c:307)
==1226==    by 0x10C7C1: convertToBlastP (XMLtoBLASTP.c:43)
==1226==    by 0x10AEA7: blastOutPut_iteration (retrieveInfo.c:48)
==1226==    by 0x1097C0: main (parsing.c:75)
==1226== 
==1226== Invalid read of size 8
==1226==    at 0x10D8D8: blasting (XMLtoBLASTP.c:384)
==1226==    by 0x59484D534C514846: ???
==1226==    by 0x4554474B544B5344: ???
==1226==    by 0x58584E454149494A: ???
==1226==    by 0x5858585858585857: ???
==1226==    by 0x524C4B4541414453: ???
==1226==    by 0x49454C4E4E4B4148: ???
==1226==    by 0x5156544D4B454E4B: ???
==1226==    by 0x4C524B475445454B: ???
==1226==    by 0x5047525345414650: ???
==1226==    by 0x4B53444147454C50: ???
==1226==    by 0x54565649534B5752: ???
==1226==  Address 0x5858585858585888 is not stack'd, malloc'd or (recently) free'd
==1226== 
==1226== 
==1226== Process terminating with default action of signal 11 (SIGSEGV)
==1226==  General Protection Fault
==1226==    at 0x10D8D8: blasting (XMLtoBLASTP.c:384)
==1226==    by 0x59484D534C514846: ???
==1226==    by 0x4554474B544B5344: ???
==1226==    by 0x58584E454149494A: ???
==1226==    by 0x5858585858585857: ???
==1226==    by 0x524C4B4541414453: ???
==1226==    by 0x49454C4E4E4B4148: ???
==1226==    by 0x5156544D4B454E4B: ???
==1226==    by 0x4C524B475445454B: ???
==1226==    by 0x5047525345414650: ???
==1226==    by 0x4B53444147454C50: ???
==1226==    by 0x54565649534B5752: ???
==1226== 
==1226== HEAP SUMMARY:
==1226==     in use at exit: 229,002,151 bytes in 745,820 blocks
==1226==   total heap usage: 753,960 allocs, 8,140 frees, 233,786,875 bytes allocated
==1226== 
==1226== LEAK SUMMARY:
==1226==    definitely lost: 13,423 bytes in 26 blocks
==1226==    indirectly lost: 0 bytes in 0 blocks
==1226==      possibly lost: 135 bytes in 1 blocks
==1226==    still reachable: 228,988,593 bytes in 745,793 blocks
==1226==         suppressed: 0 bytes in 0 blocks
==1226== Rerun with --leak-check=full to see details of leaked memory
==1226== 
==1226== Use --track-origins=yes to see where uninitialised values come from
==1226== For lists of detected and suppressed errors, rerun with: -s
==1226== ERROR SUMMARY: 43 errors from 24 contexts (suppressed: 0 from 0)
