==3603== Memcheck, a memory error detector
==3603== Copyright (C) 2002-2017, and GNU GPL'd, by Julian Seward et al.
==3603== Using Valgrind-3.15.0 and LibVEX; rerun with -h for copyright info
==3603== Command: ./parsing -m bronze
==3603== Parent PID: 1685
==3603== 
==3603== 
==3603== Process terminating with default action of signal 8 (SIGFPE)
==3603==  Integer divide by zero at address 0x1002DB6107
==3603==    at 0x10A644: tag_value (tagParse.c:167)
==3603==    by 0x4868B1B: ??? (in /usr/lib/x86_64-linux-gnu/libexpat.so.1.6.11)
==3603==    by 0x486972F: ??? (in /usr/lib/x86_64-linux-gnu/libexpat.so.1.6.11)
==3603==    by 0x4866B85: ??? (in /usr/lib/x86_64-linux-gnu/libexpat.so.1.6.11)
==3603==    by 0x48680CD: ??? (in /usr/lib/x86_64-linux-gnu/libexpat.so.1.6.11)
==3603==    by 0x486BE3F: XML_ParseBuffer (in /usr/lib/x86_64-linux-gnu/libexpat.so.1.6.11)
==3603==    by 0x10A93D: test_error (tagParse.c:234)
==3603==    by 0x109609: main (parsing.c:54)
==3603== 
==3603== HEAP SUMMARY:
==3603==     in use at exit: 20,940 bytes in 71 blocks
==3603==   total heap usage: 73 allocs, 2 frees, 22,476 bytes allocated
==3603== 
==3603== LEAK SUMMARY:
==3603==    definitely lost: 0 bytes in 0 blocks
==3603==    indirectly lost: 0 bytes in 0 blocks
==3603==      possibly lost: 0 bytes in 0 blocks
==3603==    still reachable: 20,940 bytes in 71 blocks
==3603==         suppressed: 0 bytes in 0 blocks
==3603== Rerun with --leak-check=full to see details of leaked memory
==3603== 
==3603== For lists of detected and suppressed errors, rerun with: -s
==3603== ERROR SUMMARY: 0 errors from 0 contexts (suppressed: 0 from 0)
